1.sudo apt autoremove python3.5
2.安装图形界面
sudo apt-get update 
sudo apt-get install ubuntu-desktop  --reinstall
sudo apt-get install unity 
sudo shutdown -r now
3.安装文件传输(上传下载)
CentOS，则输入命令【yum install lrzsz】；
Ubuntu ，则输入命令【sudo apt-get install lrzsz】。
4.例子：将目录A重命名为B
mv A B
例子：将/a目录移动到/b下，并重命名为c
mv /a /b/c
5.压缩解压
        tar在Linux上是常用的打包、压缩、加压缩工具，他的参数很多，折里仅仅列举常用的压缩与解压缩参数

        参数：
        -c ：create 建立压缩档案的参数；
        -x ： 解压缩压缩档案的参数；
        -z ： 是否需要用gzip压缩；
        -v： 压缩的过程中显示档案；
        -f： 置顶文档名，在f后面立即接文件名，不能再加参数

        举例： 一，将整个/home/www/images 目录下的文件全部打包为 /home/www/images.tar

        tar -cvf /home/www/images.tar /home/www/images ← 仅打包，不压缩
        tar -zcvf /home/www/images.tar.gz /home/www/images ← 打包后，以gzip压缩
        在参数f后面的压缩文件名是自己取的，习惯上用tar来做，如果加z参数，则以tar.gz 或tgz来代表gzip压缩过的tar file文件

        1 将tgz文件解压到指定目录
        tar zxvf test.tgz -C 指定目录
        比如将/source/kernel.tgz解压到 /source/linux-2.6.29 目录

        tar zxvf /source/kernel.tgz -C /source/ linux-2.6.29

        2 将指定目录压缩到指定文件
        比如将linux-2.6.29 目录压缩到 kernel.tgz

        tar czvf kernel.tgz linux-2.6.29