1. f.read()读取所有行
    f.readline() 读取第一行
    f.readlines()返回一个列表
  f.write()当写的数据为列表时，写的时候会出错
  f.writelines()可以写进去所有数据，没有\n
  没有f.writeline()这种写法错误
2.logging日志配置
scrapy配置：setting文件：
import datetime
to_day = datetime.datetime.now()
log_file_path = "log/scrapy_{}_{}_{}.log".format(to_day.year,to_day.month,to_day.day)

LOG_LEVEL = "WARNING"
LOG_FILE = log_file_pat
爬虫.py文件：
import logging
logging.warning("1"*100)

#普通文件配置
import logging
from datetime import datetime

to_day = datetime.now()
log_file_path = "test_{}_{}_{}.log".format(to_day.year, to_day.month, to_day.day)

logging.basicConfig(
    level=logging.WARNING,
    filename=log_file_path,
    format='%(asctime)s %(filename)s [line:%(lineno)d] %(levelname)s : %(message)s',
    # datefmt='%a, %d %b %Y %H:%M:%s'  #修改日期格式
)
logger = logging.getLogger(__name__)

if __name__ == '__main__':
    logger.warning("this is a fun1 waring")



#其他文件使用日志
# from logginTest import logger
# logger.warning("111111111")

#打包
pyinstaller -F youdaofanyi.py

配置：setting.json
{
    "python.pythonPath": "D:\\AnacodaInstall\\python.exe"
}

python多进程在windows环境下：
必须写上 if __name == "__main__"