1.安装搜狗输入法：安装fcitx，下载linux版的sougou
2.sudo dpkg -i sogou.....(dpb包名)
  如果遇到下列问题：
  1 问题描述： 
        在Ubuntu中使用sudo apt install git 命令时出现以下的错误提示： 
        E: Could not get lock /var/lib/dpkg/lock - open (11: Resource temporarily unavailable) 
        E: Could not get lock /var/lib/dpkg/lock - open (11: Resource temporarily unavailable) 
        2 原因： 
        之前安装的程序没能成功完成（那时安装了sublime text但是不成功），但是仍然占有apt程序的锁，导致其他程序无法再进行安装操作 
        3 解决方式： 
        执行完以下的命令再重新安装软件

        sudo rm /var/cache/apt/archives/lock
        sudo rm /var/lib/dpkg/lock

3.右上角点进去Configure，将sogoupinyin添加进来，点击+号，将默认的only show current language勾去除，然后搜索sougoupin
  将其移至第一位，另外保留English US，这样shift键入拼音仍然起作用

3.安装ssh
    sudo ps -e|grep ssh
    sudo apt-get install openssh-server
    sudo service ssh start

4.sudo apt-get install -f 解决依赖问题
或使用gdepg