1. vscode icon安装后不管用解决办法：
选择首选项=》文件图标主题
2.常用插件：
>pathIntellisense
>vscode-icons
Bracket Pair Colorizer
Anaconda Extension Pack
Path Autocomplete
2. Debugger For Chrome配置
{
    "version": "0.2.0",
    "configurations": [
      {
        "type": "chrome",
        "request": "launch",
        "name": "Launch Chrome against localhost",
        "url": "http://localhost:4200",
        "webRoot": "${workspaceRoot}",
        "sourceMaps": true,
        "runtimeArgs": [
            "--disable-session-crashed-bubble",
            "--disable-infobars",
            "--user-data-dir",
            "--remote-debugging-port=9222"
        ],
        "trace": true,
        "userDataDir": "${workspaceRoot}/out/chrome",
        "sourceMapPathOverrides": {
          "webpack:///./*": "${webRoot}/*"
        }
      },
      {
        "type": "chrome",
        "request": "attach",
        "name": "Attach to Chrome",
        "port": 9222,
        "webRoot": "${workspaceRoot}",
        "sourceMaps": true,
        "trace": true,
        "sourceMapPathOverrides": {
          "webpack:///./*": "${webRoot}/*"
        }
      }
    ]
  }
